<?xml version="1.0" encoding="UTF-8"?>
<!-- Generated by org.testng.reporters.JUnitXMLReporter -->
<testsuite hostname="BRILAP1990" failures="1" tests="3" name="Test" time="122.388" errors="0" timestamp="16 Mar 2022 18:05:30 GMT">
  <testcase classname="script.ValidLogin_Test" name="testValidLogin" time="10.213">
    <failure type="java.lang.AssertionError" message="expected [actiTIME - Enter Time-Track] but found [actiTIME - Login]">
      <![CDATA[java.lang.AssertionError: expected [actiTIME - Enter Time-Track] but found [actiTIME - Login]
	at page.EnterPage.verifyHomePageDisplayed(EnterPage.java:49)
	at script.ValidLogin_Test.testValidLogin(ValidLogin_Test.java:26)
... Removed 29 stack frames]]>
    </failure>
  </testcase> <!-- testValidLogin -->
  <testcase classname="script.VerifyProductVersion_Test" name="testProductVerson" time="11.554"/>
  <testcase classname="script.InvalidLogin_Test" name="testInvalidLogin" time="19.99"/>
</testsuite> <!-- Test -->
