<?xml version="1.0" encoding="UTF-8"?>
<!-- Generated by org.testng.reporters.JUnitXMLReporter -->
<testsuite ignored="0" hostname="BRILAP1990" failures="0" tests="3" name="Test" time="135.601" errors="0" timestamp="23 May 2022 12:31:26 GMT">
  <testcase classname="script.ValidLogin_Test" name="testValidLogin" time="14.431"/>
  <testcase classname="script.InvalidLogin_Test" name="testInvalidLogin" time="35.056"/>
  <testcase classname="script.VerifyProductVersion_Test" name="testProductVerson" time="13.76"/>
</testsuite> <!-- Test -->
