<?xml version="1.0" encoding="UTF-8"?>
<testng-results total="1" passed="1" failed="0" skipped="0">
  <reporter-output>
    <line>
      <![CDATA[Actual tiltle is matching with the Expected tiltle]]>
    </line>
    <line>
      <![CDATA[testValidLogin is PASSED]]>
    </line>
  </reporter-output>
  <suite started-at="2022-04-02T11:33:33Z" name="Default suite" finished-at="2022-04-02T11:34:12Z" duration-ms="38964">
    <groups>
      <group name="smoke">
        <method signature="ValidLogin_Test.testValidLogin()[pri:0, instance:script.ValidLogin_Test@3943a2be]" name="testValidLogin" class="script.ValidLogin_Test"/>
      </group> <!-- smoke -->
      <group name="login">
        <method signature="ValidLogin_Test.testValidLogin()[pri:0, instance:script.ValidLogin_Test@3943a2be]" name="testValidLogin" class="script.ValidLogin_Test"/>
      </group> <!-- login -->
    </groups>
    <test started-at="2022-04-02T11:33:33Z" name="Default test" finished-at="2022-04-02T11:34:12Z" duration-ms="38964">
      <class name="script.ValidLogin_Test">
        <test-method is-config="true" signature="openApp()[pri:0, instance:script.ValidLogin_Test@3943a2be]" started-at="2022-04-02T17:03:33Z" name="openApp" finished-at="2022-04-02T17:03:52Z" duration-ms="18844" status="PASS">
          <reporter-output>
          </reporter-output>
        </test-method> <!-- openApp -->
        <test-method signature="testValidLogin()[pri:0, instance:script.ValidLogin_Test@3943a2be]" started-at="2022-04-02T17:03:52Z" name="testValidLogin" finished-at="2022-04-02T17:04:10Z" duration-ms="18602" status="PASS">
          <reporter-output>
            <line>
              <![CDATA[Actual tiltle is matching with the Expected tiltle]]>
            </line>
          </reporter-output>
        </test-method> <!-- testValidLogin -->
        <test-method is-config="true" signature="closeApp(org.testng.ITestResult)[pri:0, instance:script.ValidLogin_Test@3943a2be]" started-at="2022-04-02T17:04:10Z" name="closeApp" finished-at="2022-04-02T17:04:12Z" duration-ms="1489" status="PASS">
          <params>
            <param index="0">
              <value>
                <![CDATA[[TestResult name=testValidLogin status=SUCCESS method=ValidLogin_Test.testValidLogin()[pri:0, instance:script.ValidLogin_Test@3943a2be] output=Actual tiltle is matching with the Expected tiltle]]]>
              </value>
            </param>
          </params>
          <reporter-output>
            <line>
              <![CDATA[testValidLogin is PASSED]]>
            </line>
          </reporter-output>
        </test-method> <!-- closeApp -->
      </class> <!-- script.ValidLogin_Test -->
    </test> <!-- Default test -->
  </suite> <!-- Default suite -->
</testng-results>
