<?xml version="1.0" encoding="UTF-8"?>
<testng-results total="3" passed="3" failed="0" skipped="0">
  <reporter-output>
    <line>
      <![CDATA[Actual tiltle is matching with the Expected tiltle]]>
    </line>
    <line>
      <![CDATA[testValidLogin is PASSED]]>
    </line>
    <line>
      <![CDATA[Actual and Expected versions are same]]>
    </line>
    <line>
      <![CDATA[testProductVerson is PASSED]]>
    </line>
    <line>
      <![CDATA[testInvalidLogin is PASSED]]>
    </line>
  </reporter-output>
  <suite started-at="2022-03-16T17:43:50Z" name="Suite" finished-at="2022-03-16T17:45:51Z" duration-ms="121341">
    <groups>
      <group name="smoke">
        <method signature="ValidLogin_Test.testValidLogin()[pri:0, instance:script.ValidLogin_Test@236e3f4e]" name="testValidLogin" class="script.ValidLogin_Test"/>
        <method signature="VerifyProductVersion_Test.testProductVerson()[pri:0, instance:script.VerifyProductVersion_Test@1fb700ee]" name="testProductVerson" class="script.VerifyProductVersion_Test"/>
      </group> <!-- smoke -->
      <group name="login">
        <method signature="InvalidLogin_Test.testInvalidLogin()[pri:0, instance:script.InvalidLogin_Test@4f67eb2a]" name="testInvalidLogin" class="script.InvalidLogin_Test"/>
        <method signature="ValidLogin_Test.testValidLogin()[pri:0, instance:script.ValidLogin_Test@236e3f4e]" name="testValidLogin" class="script.ValidLogin_Test"/>
      </group> <!-- login -->
    </groups>
    <test started-at="2022-03-16T17:43:50Z" name="Test" finished-at="2022-03-16T17:45:51Z" duration-ms="121341">
      <class name="script.InvalidLogin_Test">
        <test-method is-config="true" signature="openApp()[pri:0, instance:script.InvalidLogin_Test@4f67eb2a]" started-at="2022-03-16T23:15:14Z" name="openApp" finished-at="2022-03-16T23:15:30Z" duration-ms="16148" status="PASS">
          <reporter-output>
          </reporter-output>
        </test-method> <!-- openApp -->
        <test-method signature="testInvalidLogin()[pri:0, instance:script.InvalidLogin_Test@4f67eb2a]" started-at="2022-03-16T23:15:30Z" name="testInvalidLogin" finished-at="2022-03-16T23:15:50Z" duration-ms="19497" status="PASS">
          <reporter-output>
          </reporter-output>
        </test-method> <!-- testInvalidLogin -->
        <test-method is-config="true" signature="closeApp(org.testng.ITestResult)[pri:0, instance:script.InvalidLogin_Test@4f67eb2a]" started-at="2022-03-16T23:15:50Z" name="closeApp" finished-at="2022-03-16T23:15:51Z" duration-ms="1312" status="PASS">
          <params>
            <param index="0">
              <value>
                <![CDATA[[TestResult name=testInvalidLogin status=SUCCESS method=InvalidLogin_Test.testInvalidLogin()[pri:0, instance:script.InvalidLogin_Test@4f67eb2a] output={null}]]]>
              </value>
            </param>
          </params>
          <reporter-output>
            <line>
              <![CDATA[testInvalidLogin is PASSED]]>
            </line>
          </reporter-output>
        </test-method> <!-- closeApp -->
      </class> <!-- script.InvalidLogin_Test -->
      <class name="script.VerifyProductVersion_Test">
        <test-method is-config="true" signature="openApp()[pri:0, instance:script.VerifyProductVersion_Test@1fb700ee]" started-at="2022-03-16T23:14:45Z" name="openApp" finished-at="2022-03-16T23:15:00Z" duration-ms="15587" status="PASS">
          <reporter-output>
          </reporter-output>
        </test-method> <!-- openApp -->
        <test-method signature="testProductVerson()[pri:0, instance:script.VerifyProductVersion_Test@1fb700ee]" started-at="2022-03-16T23:15:00Z" name="testProductVerson" finished-at="2022-03-16T23:15:13Z" duration-ms="12589" status="PASS">
          <reporter-output>
            <line>
              <![CDATA[Actual and Expected versions are same]]>
            </line>
          </reporter-output>
        </test-method> <!-- testProductVerson -->
        <test-method is-config="true" signature="closeApp(org.testng.ITestResult)[pri:0, instance:script.VerifyProductVersion_Test@1fb700ee]" started-at="2022-03-16T23:15:13Z" name="closeApp" finished-at="2022-03-16T23:15:14Z" duration-ms="1279" status="PASS">
          <params>
            <param index="0">
              <value>
                <![CDATA[[TestResult name=testProductVerson status=SUCCESS method=VerifyProductVersion_Test.testProductVerson()[pri:0, instance:script.VerifyProductVersion_Test@1fb700ee] output=Actual and Expected versions are same]]]>
              </value>
            </param>
          </params>
          <reporter-output>
            <line>
              <![CDATA[testProductVerson is PASSED]]>
            </line>
          </reporter-output>
        </test-method> <!-- closeApp -->
      </class> <!-- script.VerifyProductVersion_Test -->
      <class name="script.ValidLogin_Test">
        <test-method is-config="true" signature="openApp()[pri:0, instance:script.ValidLogin_Test@236e3f4e]" started-at="2022-03-16T23:13:50Z" name="openApp" finished-at="2022-03-16T23:14:27Z" duration-ms="37592" status="PASS">
          <reporter-output>
          </reporter-output>
        </test-method> <!-- openApp -->
        <test-method signature="testValidLogin()[pri:0, instance:script.ValidLogin_Test@236e3f4e]" started-at="2022-03-16T23:14:27Z" name="testValidLogin" finished-at="2022-03-16T23:14:43Z" duration-ms="15958" status="PASS">
          <reporter-output>
            <line>
              <![CDATA[Actual tiltle is matching with the Expected tiltle]]>
            </line>
          </reporter-output>
        </test-method> <!-- testValidLogin -->
        <test-method is-config="true" signature="closeApp(org.testng.ITestResult)[pri:0, instance:script.ValidLogin_Test@236e3f4e]" started-at="2022-03-16T23:14:43Z" name="closeApp" finished-at="2022-03-16T23:14:45Z" duration-ms="1332" status="PASS">
          <params>
            <param index="0">
              <value>
                <![CDATA[[TestResult name=testValidLogin status=SUCCESS method=ValidLogin_Test.testValidLogin()[pri:0, instance:script.ValidLogin_Test@236e3f4e] output=Actual tiltle is matching with the Expected tiltle]]]>
              </value>
            </param>
          </params>
          <reporter-output>
            <line>
              <![CDATA[testValidLogin is PASSED]]>
            </line>
          </reporter-output>
        </test-method> <!-- closeApp -->
      </class> <!-- script.ValidLogin_Test -->
    </test> <!-- Test -->
  </suite> <!-- Suite -->
</testng-results>
